<?xml version="1.0" encoding="UTF-8"?>
<!-- Generated by org.testng.reporters.JUnitReportReporter -->
<testsuite hostname="waseemkhalil" failures="0" tests="2" name="nopcommerce.tests.NewTest" time="6.024" errors="0" timestamp="2024-07-04T04:51:09 EEST" skipped="0">
  <testcase classname="nopcommerce.tests.NewTest" name="ab" time="3.037"/>
  <system-out/>
  <testcase classname="nopcommerce.tests.NewTest" name="ac" time="2.987"/>
  <system-out/>
</testsuite> <!-- nopcommerce.tests.NewTest -->
