<?xml version="1.0" encoding="UTF-8"?>
<!-- Generated by org.testng.reporters.JUnitReportReporter -->
<testsuite hostname="waseemkhalil" failures="0" tests="2" name="nopcommerce.tests.RegisterationPageTests" time="5.064" errors="0" timestamp="2024-07-04T05:15:11 EEST" skipped="0">
  <testcase classname="nopcommerce.tests.RegisterationPageTests" name="ab" time="2.778"/>
  <system-out/>
  <testcase classname="nopcommerce.tests.RegisterationPageTests" name="ac" time="2.286"/>
  <system-out/>
</testsuite> <!-- nopcommerce.tests.RegisterationPageTests -->
