<?xml version="1.0" encoding="UTF-8"?>
<!-- Generated by org.testng.reporters.JUnitReportReporter -->
<testsuite hostname="waseemkhalil" failures="0" tests="1" name="nopcommerce.tests.LoginPageTest" time="2.259" errors="0" timestamp="2024-07-04T05:07:30 EEST" skipped="0">
  <testcase classname="nopcommerce.tests.LoginPageTest" name="ab" time="2.259"/>
  <system-out/>
</testsuite> <!-- nopcommerce.tests.LoginPageTest -->
