<?xml version="1.0" encoding="UTF-8"?>
<!-- Generated by org.testng.reporters.JUnitReportReporter -->
<testsuite hostname="waseemkhalil" failures="0" tests="2" name="nopcommerce.tests.RegisterationPageTests" time="7.262" errors="0" timestamp="2024-07-04T17:26:00 EEST" skipped="0">
  <testcase classname="nopcommerce.tests.RegisterationPageTests" name="ac" time="4.927"/>
  <system-out/>
  <testcase classname="nopcommerce.tests.RegisterationPageTests" name="ab" time="2.335"/>
  <system-out/>
</testsuite> <!-- nopcommerce.tests.RegisterationPageTests -->
